# JRE version: Java(TM) SE Runtime Environment (8.0_151-b12) (build 1.8.0_151-b12)
# Java VM: Java HotSpot(TM) 64-Bit Server VM (25.151-b12 mixed mode linux-amd64 compressed oops)
Heap:
 PSYoungGen      total 47616K, used 35150K [0x00000000fab00000, 0x00000000ff100000, 0x0000000100000000)
  eden space 39936K, 68% used [0x00000000fab00000,0x00000000fc5d5fa8,0x00000000fd200000)
  from space 7680K, 99% used [0x00000000fe980000,0x00000000ff0fdc40,0x00000000ff100000)
  to   space 13824K, 0% used [0x00000000fd600000,0x00000000fd600000,0x00000000fe380000)
 ParOldGen       total 64000K, used 15646K [0x00000000f0000000, 0x00000000f3e80000, 0x00000000fab00000)
  object space 64000K, 24% used [0x00000000f0000000,0x00000000f0f47838,0x00000000f3e80000)
 Metaspace       used 33418K, capacity 33679K, committed 34048K, reserved 1079296K
  class space    used 3970K, capacity 4067K, committed 4096K, reserved 1048576K
GC Heap History (10 events):
Event: 1.191 GC heap before
{Heap before GC invocations=3 (full 1):
 PSYoungGen      total 36864K, used 5088K [0x00000000fab00000, 0x00000000ff300000, 0x0000000100000000)
  eden space 31744K, 0% used [0x00000000fab00000,0x00000000fab00000,0x00000000fca00000)
  from space 5120K, 99% used [0x00000000fcf00000,0x00000000fd3f8030,0x00000000fd400000)
  to   space 5120K, 0% used [0x00000000fca00000,0x00000000fca00000,0x00000000fcf00000)
 ParOldGen       total 84992K, used 4884K [0x00000000f0000000, 0x00000000f5300000, 0x00000000fab00000)
  object space 84992K, 5% used [0x00000000f0000000,0x00000000f04c52e0,0x00000000f5300000)
 Metaspace       used 20856K, capacity 21045K, committed 21296K, reserved 1069056K
  class space    used 2332K, capacity 2406K, committed 2432K, reserved 1048576K
Event: 1.238 GC heap after
Heap after GC invocations=3 (full 1):
 PSYoungGen      total 36864K, used 0K [0x00000000fab00000, 0x00000000ff300000, 0x0000000100000000)
  eden space 31744K, 0% used [0x00000000fab00000,0x00000000fab00000,0x00000000fca00000)
  from space 5120K, 0% used [0x00000000fcf00000,0x00000000fcf00000,0x00000000fd400000)
  to   space 5120K, 0% used [0x00000000fca00000,0x00000000fca00000,0x00000000fcf00000)
 ParOldGen       total 64000K, used 7246K [0x00000000f0000000, 0x00000000f3e80000, 0x00000000fab00000)
  object space 64000K, 11% used [0x00000000f0000000,0x00000000f0713b40,0x00000000f3e80000)
 Metaspace       used 20856K, capacity 21045K, committed 21296K, reserved 1069056K
  class space    used 2332K, capacity 2406K, committed 2432K, reserved 1048576K
}
Event: 1.520 GC heap before
{Heap before GC invocations=4 (full 1):
 PSYoungGen      total 36864K, used 31744K [0x00000000fab00000, 0x00000000ff300000, 0x0000000100000000)
  eden space 31744K, 100% used [0x00000000fab00000,0x00000000fca00000,0x00000000fca00000)
  from space 5120K, 0% used [0x00000000fcf00000,0x00000000fcf00000,0x00000000fd400000)
  to   space 5120K, 0% used [0x00000000fca00000,0x00000000fca00000,0x00000000fcf00000)
 ParOldGen       total 64000K, used 7246K [0x00000000f0000000, 0x00000000f3e80000, 0x00000000fab00000)
  object space 64000K, 11% used [0x00000000f0000000,0x00000000f0713b40,0x00000000f3e80000)
 Metaspace       used 22514K, capacity 22715K, committed 22960K, reserved 1069056K
  class space    used 2641K, capacity 2727K, committed 2816K, reserved 1048576K
Event: 1.523 GC heap after
Heap after GC invocations=4 (full 1):
 PSYoungGen      total 36864K, used 800K [0x00000000fab00000, 0x00000000fdc80000, 0x0000000100000000)
  eden space 31744K, 0% used [0x00000000fab00000,0x00000000fab00000,0x00000000fca00000)
  from space 5120K, 15% used [0x00000000fca00000,0x00000000fcac8000,0x00000000fcf00000)
  to   space 5120K, 0% used [0x00000000fd780000,0x00000000fd780000,0x00000000fdc80000)
 ParOldGen       total 64000K, used 7246K [0x00000000f0000000, 0x00000000f3e80000, 0x00000000fab00000)
  object space 64000K, 11% used [0x00000000f0000000,0x00000000f0713b40,0x00000000f3e80000)
 Metaspace       used 22514K, capacity 22715K, committed 22960K, reserved 1069056K
  class space    used 2641K, capacity 2727K, committed 2816K, reserved 1048576K
}
Event: 2.182 GC heap before
{Heap before GC invocations=5 (full 1):
 PSYoungGen      total 36864K, used 32315K [0x00000000fab00000, 0x00000000fdc80000, 0x0000000100000000)
  eden space 31744K, 99% used [0x00000000fab00000,0x00000000fc9c6c98,0x00000000fca00000)
  from space 5120K, 15% used [0x00000000fca00000,0x00000000fcac8000,0x00000000fcf00000)
  to   space 5120K, 0% used [0x00000000fd780000,0x00000000fd780000,0x00000000fdc80000)
 ParOldGen       total 64000K, used 7246K [0x00000000f0000000, 0x00000000f3e80000, 0x00000000fab00000)
  object space 64000K, 11% used [0x00000000f0000000,0x00000000f0713b40,0x00000000f3e80000)
 Metaspace       used 29485K, capacity 29701K, committed 30208K, reserved 1075200K
  class space    used 3704K, capacity 3772K, committed 3840K, reserved 1048576K
Event: 2.191 GC heap after
Heap after GC invocations=5 (full 1):
 PSYoungGen      total 45568K, used 3920K [0x00000000fab00000, 0x00000000fdc80000, 0x0000000100000000)
  eden space 40448K, 0% used [0x00000000fab00000,0x00000000fab00000,0x00000000fd280000)
  from space 5120K, 76% used [0x00000000fd780000,0x00000000fdb54118,0x00000000fdc80000)
  to   space 5120K, 0% used [0x00000000fd280000,0x00000000fd280000,0x00000000fd780000)
 ParOldGen       total 64000K, used 7254K [0x00000000f0000000, 0x00000000f3e80000, 0x00000000fab00000)
  object space 64000K, 11% used [0x00000000f0000000,0x00000000f0715b40,0x00000000f3e80000)
 Metaspace       used 29485K, capacity 29701K, committed 30208K, reserved 1075200K
  class space    used 3704K, capacity 3772K, committed 3840K, reserved 1048576K
}
Event: 33.136 GC heap before
{Heap before GC invocations=6 (full 1):
 PSYoungGen      total 45568K, used 44368K [0x00000000fab00000, 0x00000000fdc80000, 0x0000000100000000)
  eden space 40448K, 100% used [0x00000000fab00000,0x00000000fd280000,0x00000000fd280000)
  from space 5120K, 76% used [0x00000000fd780000,0x00000000fdb54118,0x00000000fdc80000)
  to   space 5120K, 0% used [0x00000000fd280000,0x00000000fd280000,0x00000000fd780000)
 ParOldGen       total 64000K, used 7254K [0x00000000f0000000, 0x00000000f3e80000, 0x00000000fab00000)
  object space 64000K, 11% used [0x00000000f0000000,0x00000000f0715b40,0x00000000f3e80000)
 Metaspace       used 31653K, capacity 31877K, committed 32128K, reserved 1077248K
  class space    used 3896K, capacity 3964K, committed 3968K, reserved 1048576K
Event: 33.146 GC heap after
Heap after GC invocations=6 (full 1):
 PSYoungGen      total 45568K, used 5098K [0x00000000fab00000, 0x00000000ff780000, 0x0000000100000000)
  eden space 40448K, 0% used [0x00000000fab00000,0x00000000fab00000,0x00000000fd280000)
  from space 5120K, 99% used [0x00000000fd280000,0x00000000fd77a878,0x00000000fd780000)
  to   space 14336K, 0% used [0x00000000fe980000,0x00000000fe980000,0x00000000ff780000)
 ParOldGen       total 64000K, used 15638K [0x00000000f0000000, 0x00000000f3e80000, 0x00000000fab00000)
  object space 64000K, 24% used [0x00000000f0000000,0x00000000f0f45838,0x00000000f3e80000)
 Metaspace       used 31653K, capacity 31877K, committed 32128K, reserved 1077248K
  class space    used 3896K, capacity 3964K, committed 3968K, reserved 1048576K
}
Event: 638.137 GC heap before
{Heap before GC invocations=7 (full 1):
 PSYoungGen      total 45568K, used 45544K [0x00000000fab00000, 0x00000000ff780000, 0x0000000100000000)
  eden space 40448K, 99% used [0x00000000fab00000,0x00000000fd27f788,0x00000000fd280000)
  from space 5120K, 99% used [0x00000000fd280000,0x00000000fd77a878,0x00000000fd780000)
  to   space 14336K, 0% used [0x00000000fe980000,0x00000000fe980000,0x00000000ff780000)
 ParOldGen       total 64000K, used 15638K [0x00000000f0000000, 0x00000000f3e80000, 0x00000000fab00000)
  object space 64000K, 24% used [0x00000000f0000000,0x00000000f0f45838,0x00000000f3e80000)
 Metaspace       used 33003K, capacity 33277K, committed 33792K, reserved 1079296K
  class space    used 3967K, capacity 4064K, committed 4096K, reserved 1048576K
Event: 638.146 GC heap after
Heap after GC invocations=7 (full 1):
 PSYoungGen      total 47616K, used 7671K [0x00000000fab00000, 0x00000000ff100000, 0x0000000100000000)
  eden space 39936K, 0% used [0x00000000fab00000,0x00000000fab00000,0x00000000fd200000)
  from space 7680K, 99% used [0x00000000fe980000,0x00000000ff0fdc40,0x00000000ff100000)
  to   space 13824K, 0% used [0x00000000fd600000,0x00000000fd600000,0x00000000fe380000)
 ParOldGen       total 64000K, used 15646K [0x00000000f0000000, 0x00000000f3e80000, 0x00000000fab00000)
  object space 64000K, 24% used [0x00000000f0000000,0x00000000f0f47838,0x00000000f3e80000)
 Metaspace       used 33003K, capacity 33277K, committed 33792K, reserved 1079296K
  class space    used 3967K, capacity 4064K, committed 4096K, reserved 1048576K
}

