# JRE version: Java(TM) SE Runtime Environment (8.0_151-b12) (build 1.8.0_151-b12)
# Java VM: Java HotSpot(TM) 64-Bit Server VM (25.151-b12 mixed mode linux-amd64 compressed oops)
Heap:
 PSYoungGen      total 47616K, used 37067K [0x00000000fab00000, 0x0000000100000000, 0x0000000100000000)
  eden space 42496K, 75% used [0x00000000fab00000,0x00000000fca35b70,0x00000000fd480000)
  from space 5120K, 99% used [0x00000000fd480000,0x00000000fd97d1d8,0x00000000fd980000)
  to   space 17408K, 0% used [0x00000000fef00000,0x00000000fef00000,0x0000000100000000)
 ParOldGen       total 61440K, used 19958K [0x00000000f0000000, 0x00000000f3c00000, 0x00000000fab00000)
  object space 61440K, 32% used [0x00000000f0000000,0x00000000f137da28,0x00000000f3c00000)
 Metaspace       used 34238K, capacity 34493K, committed 35072K, reserved 1079296K
  class space    used 4229K, capacity 4320K, committed 4352K, reserved 1048576K
GC Heap History (10 events):
Event: 1.143 GC heap before
{Heap before GC invocations=2 (full 0):
 PSYoungGen      total 36864K, used 20427K [0x00000000fab00000, 0x00000000fd400000, 0x0000000100000000)
  eden space 31744K, 48% used [0x00000000fab00000,0x00000000fb9f95d0,0x00000000fca00000)
  from space 5120K, 99% used [0x00000000fca00000,0x00000000fcef9978,0x00000000fcf00000)
  to   space 5120K, 0% used [0x00000000fcf00000,0x00000000fcf00000,0x00000000fd400000)
 ParOldGen       total 84992K, used 2644K [0x00000000f0000000, 0x00000000f5300000, 0x00000000fab00000)
  object space 84992K, 3% used [0x00000000f0000000,0x00000000f02952e8,0x00000000f5300000)
 Metaspace       used 20873K, capacity 21053K, committed 21296K, reserved 1069056K
  class space    used 2331K, capacity 2406K, committed 2432K, reserved 1048576K
Event: 1.151 GC heap after
Heap after GC invocations=2 (full 0):
 PSYoungGen      total 36864K, used 5105K [0x00000000fab00000, 0x00000000ff300000, 0x0000000100000000)
  eden space 31744K, 0% used [0x00000000fab00000,0x00000000fab00000,0x00000000fca00000)
  from space 5120K, 99% used [0x00000000fcf00000,0x00000000fd3fc760,0x00000000fd400000)
  to   space 5120K, 0% used [0x00000000fca00000,0x00000000fca00000,0x00000000fcf00000)
 ParOldGen       total 84992K, used 4810K [0x00000000f0000000, 0x00000000f5300000, 0x00000000fab00000)
  object space 84992K, 5% used [0x00000000f0000000,0x00000000f04b2ba0,0x00000000f5300000)
 Metaspace       used 20873K, capacity 21053K, committed 21296K, reserved 1069056K
  class space    used 2331K, capacity 2406K, committed 2432K, reserved 1048576K
}
Event: 1.151 GC heap before
{Heap before GC invocations=3 (full 1):
 PSYoungGen      total 36864K, used 5105K [0x00000000fab00000, 0x00000000ff300000, 0x0000000100000000)
  eden space 31744K, 0% used [0x00000000fab00000,0x00000000fab00000,0x00000000fca00000)
  from space 5120K, 99% used [0x00000000fcf00000,0x00000000fd3fc760,0x00000000fd400000)
  to   space 5120K, 0% used [0x00000000fca00000,0x00000000fca00000,0x00000000fcf00000)
 ParOldGen       total 84992K, used 4810K [0x00000000f0000000, 0x00000000f5300000, 0x00000000fab00000)
  object space 84992K, 5% used [0x00000000f0000000,0x00000000f04b2ba0,0x00000000f5300000)
 Metaspace       used 20873K, capacity 21053K, committed 21296K, reserved 1069056K
  class space    used 2331K, capacity 2406K, committed 2432K, reserved 1048576K
Event: 1.185 GC heap after
Heap after GC invocations=3 (full 1):
 PSYoungGen      total 36864K, used 0K [0x00000000fab00000, 0x00000000ff300000, 0x0000000100000000)
  eden space 31744K, 0% used [0x00000000fab00000,0x00000000fab00000,0x00000000fca00000)
  from space 5120K, 0% used [0x00000000fcf00000,0x00000000fcf00000,0x00000000fd400000)
  to   space 5120K, 0% used [0x00000000fca00000,0x00000000fca00000,0x00000000fcf00000)
 ParOldGen       total 61440K, used 7250K [0x00000000f0000000, 0x00000000f3c00000, 0x00000000fab00000)
  object space 61440K, 11% used [0x00000000f0000000,0x00000000f0714988,0x00000000f3c00000)
 Metaspace       used 20873K, capacity 21053K, committed 21296K, reserved 1069056K
  class space    used 2331K, capacity 2406K, committed 2432K, reserved 1048576K
}
Event: 1.399 GC heap before
{Heap before GC invocations=4 (full 1):
 PSYoungGen      total 36864K, used 31744K [0x00000000fab00000, 0x00000000ff300000, 0x0000000100000000)
  eden space 31744K, 100% used [0x00000000fab00000,0x00000000fca00000,0x00000000fca00000)
  from space 5120K, 0% used [0x00000000fcf00000,0x00000000fcf00000,0x00000000fd400000)
  to   space 5120K, 0% used [0x00000000fca00000,0x00000000fca00000,0x00000000fcf00000)
 ParOldGen       total 61440K, used 7250K [0x00000000f0000000, 0x00000000f3c00000, 0x00000000fab00000)
  object space 61440K, 11% used [0x00000000f0000000,0x00000000f0714988,0x00000000f3c00000)
 Metaspace       used 22648K, capacity 22787K, committed 23216K, reserved 1069056K
  class space    used 2663K, capacity 2727K, committed 2816K, reserved 1048576K
Event: 1.400 GC heap after
Heap after GC invocations=4 (full 1):
 PSYoungGen      total 36864K, used 1040K [0x00000000fab00000, 0x00000000fde80000, 0x0000000100000000)
  eden space 31744K, 0% used [0x00000000fab00000,0x00000000fab00000,0x00000000fca00000)
  from space 5120K, 20% used [0x00000000fca00000,0x00000000fcb04060,0x00000000fcf00000)
  to   space 5120K, 0% used [0x00000000fd980000,0x00000000fd980000,0x00000000fde80000)
 ParOldGen       total 61440K, used 7258K [0x00000000f0000000, 0x00000000f3c00000, 0x00000000fab00000)
  object space 61440K, 11% used [0x00000000f0000000,0x00000000f0716988,0x00000000f3c00000)
 Metaspace       used 22648K, capacity 22787K, committed 23216K, reserved 1069056K
  class space    used 2663K, capacity 2727K, committed 2816K, reserved 1048576K
}
Event: 1.899 GC heap before
{Heap before GC invocations=5 (full 1):
 PSYoungGen      total 36864K, used 32784K [0x00000000fab00000, 0x00000000fde80000, 0x0000000100000000)
  eden space 31744K, 100% used [0x00000000fab00000,0x00000000fca00000,0x00000000fca00000)
  from space 5120K, 20% used [0x00000000fca00000,0x00000000fcb04060,0x00000000fcf00000)
  to   space 5120K, 0% used [0x00000000fd980000,0x00000000fd980000,0x00000000fde80000)
 ParOldGen       total 61440K, used 7258K [0x00000000f0000000, 0x00000000f3c00000, 0x00000000fab00000)
  object space 61440K, 11% used [0x00000000f0000000,0x00000000f0716988,0x00000000f3c00000)
 Metaspace       used 26909K, capacity 27147K, committed 27392K, reserved 1073152K
  class space    used 3451K, capacity 3541K, committed 3584K, reserved 1048576K
Event: 1.907 GC heap after
Heap after GC invocations=5 (full 1):
 PSYoungGen      total 47616K, used 3898K [0x00000000fab00000, 0x00000000fde80000, 0x0000000100000000)
  eden space 42496K, 0% used [0x00000000fab00000,0x00000000fab00000,0x00000000fd480000)
  from space 5120K, 76% used [0x00000000fd980000,0x00000000fdd4e858,0x00000000fde80000)
  to   space 5120K, 0% used [0x00000000fd480000,0x00000000fd480000,0x00000000fd980000)
 ParOldGen       total 61440K, used 7266K [0x00000000f0000000, 0x00000000f3c00000, 0x00000000fab00000)
  object space 61440K, 11% used [0x00000000f0000000,0x00000000f0718988,0x00000000f3c00000)
 Metaspace       used 26909K, capacity 27147K, committed 27392K, reserved 1073152K
  class space    used 3451K, capacity 3541K, committed 3584K, reserved 1048576K
}
Event: 5.538 GC heap before
{Heap before GC invocations=6 (full 1):
 PSYoungGen      total 47616K, used 46394K [0x00000000fab00000, 0x00000000fde80000, 0x0000000100000000)
  eden space 42496K, 100% used [0x00000000fab00000,0x00000000fd480000,0x00000000fd480000)
  from space 5120K, 76% used [0x00000000fd980000,0x00000000fdd4e858,0x00000000fde80000)
  to   space 5120K, 0% used [0x00000000fd480000,0x00000000fd480000,0x00000000fd980000)
 ParOldGen       total 61440K, used 7266K [0x00000000f0000000, 0x00000000f3c00000, 0x00000000fab00000)
  object space 61440K, 11% used [0x00000000f0000000,0x00000000f0718988,0x00000000f3c00000)
 Metaspace       used 32258K, capacity 32485K, committed 32896K, reserved 1077248K
  class space    used 4097K, capacity 4188K, committed 4224K, reserved 1048576K
Event: 5.548 GC heap after
Heap after GC invocations=6 (full 1):
 PSYoungGen      total 47616K, used 5108K [0x00000000fab00000, 0x0000000100000000, 0x0000000100000000)
  eden space 42496K, 0% used [0x00000000fab00000,0x00000000fab00000,0x00000000fd480000)
  from space 5120K, 99% used [0x00000000fd480000,0x00000000fd97d1d8,0x00000000fd980000)
  to   space 17408K, 0% used [0x00000000fef00000,0x00000000fef00000,0x0000000100000000)
 ParOldGen       total 61440K, used 19958K [0x00000000f0000000, 0x00000000f3c00000, 0x00000000fab00000)
  object space 61440K, 32% used [0x00000000f0000000,0x00000000f137da28,0x00000000f3c00000)
 Metaspace       used 32258K, capacity 32485K, committed 32896K, reserved 1077248K
  class space    used 4097K, capacity 4188K, committed 4224K, reserved 1048576K
}

