# JRE version: Java(TM) SE Runtime Environment (8.0_151-b12) (build 1.8.0_151-b12)
# Java VM: Java HotSpot(TM) 64-Bit Server VM (25.151-b12 mixed mode linux-amd64 compressed oops)
Heap:
 PSYoungGen      total 48640K, used 43501K [0x00000000fab00000, 0x00000000ffb00000, 0x0000000100000000)
  eden space 43520K, 88% used [0x00000000fab00000,0x00000000fd082bf0,0x00000000fd580000)
  from space 5120K, 99% used [0x00000000fd580000,0x00000000fda78a18,0x00000000fda80000)
  to   space 13824K, 0% used [0x00000000fed80000,0x00000000fed80000,0x00000000ffb00000)
 ParOldGen       total 60928K, used 17313K [0x00000000f0000000, 0x00000000f3b80000, 0x00000000fab00000)
  object space 60928K, 28% used [0x00000000f0000000,0x00000000f10e86b8,0x00000000f3b80000)
 Metaspace       used 33186K, capacity 33405K, committed 33792K, reserved 1079296K
  class space    used 3965K, capacity 4064K, committed 4096K, reserved 1048576K
GC Heap History (10 events):
Event: 1.141 GC heap before
{Heap before GC invocations=2 (full 0):
 PSYoungGen      total 36864K, used 20223K [0x00000000fab00000, 0x00000000fd400000, 0x0000000100000000)
  eden space 31744K, 47% used [0x00000000fab00000,0x00000000fb9c7c20,0x00000000fca00000)
  from space 5120K, 99% used [0x00000000fca00000,0x00000000fcef8030,0x00000000fcf00000)
  to   space 5120K, 0% used [0x00000000fcf00000,0x00000000fcf00000,0x00000000fd400000)
 ParOldGen       total 84992K, used 2668K [0x00000000f0000000, 0x00000000f5300000, 0x00000000fab00000)
  object space 84992K, 3% used [0x00000000f0000000,0x00000000f029b3a8,0x00000000f5300000)
 Metaspace       used 20853K, capacity 21045K, committed 21296K, reserved 1069056K
  class space    used 2331K, capacity 2406K, committed 2432K, reserved 1048576K
Event: 1.150 GC heap after
Heap after GC invocations=2 (full 0):
 PSYoungGen      total 36864K, used 5088K [0x00000000fab00000, 0x00000000ff300000, 0x0000000100000000)
  eden space 31744K, 0% used [0x00000000fab00000,0x00000000fab00000,0x00000000fca00000)
  from space 5120K, 99% used [0x00000000fcf00000,0x00000000fd3f8010,0x00000000fd400000)
  to   space 5120K, 0% used [0x00000000fca00000,0x00000000fca00000,0x00000000fcf00000)
 ParOldGen       total 84992K, used 4858K [0x00000000f0000000, 0x00000000f5300000, 0x00000000fab00000)
  object space 84992K, 5% used [0x00000000f0000000,0x00000000f04beb08,0x00000000f5300000)
 Metaspace       used 20853K, capacity 21045K, committed 21296K, reserved 1069056K
  class space    used 2331K, capacity 2406K, committed 2432K, reserved 1048576K
}
Event: 1.150 GC heap before
{Heap before GC invocations=3 (full 1):
 PSYoungGen      total 36864K, used 5088K [0x00000000fab00000, 0x00000000ff300000, 0x0000000100000000)
  eden space 31744K, 0% used [0x00000000fab00000,0x00000000fab00000,0x00000000fca00000)
  from space 5120K, 99% used [0x00000000fcf00000,0x00000000fd3f8010,0x00000000fd400000)
  to   space 5120K, 0% used [0x00000000fca00000,0x00000000fca00000,0x00000000fcf00000)
 ParOldGen       total 84992K, used 4858K [0x00000000f0000000, 0x00000000f5300000, 0x00000000fab00000)
  object space 84992K, 5% used [0x00000000f0000000,0x00000000f04beb08,0x00000000f5300000)
 Metaspace       used 20853K, capacity 21045K, committed 21296K, reserved 1069056K
  class space    used 2331K, capacity 2406K, committed 2432K, reserved 1048576K
Event: 1.182 GC heap after
Heap after GC invocations=3 (full 1):
 PSYoungGen      total 36864K, used 0K [0x00000000fab00000, 0x00000000ff300000, 0x0000000100000000)
  eden space 31744K, 0% used [0x00000000fab00000,0x00000000fab00000,0x00000000fca00000)
  from space 5120K, 0% used [0x00000000fcf00000,0x00000000fcf00000,0x00000000fd400000)
  to   space 5120K, 0% used [0x00000000fca00000,0x00000000fca00000,0x00000000fcf00000)
 ParOldGen       total 60928K, used 7250K [0x00000000f0000000, 0x00000000f3b80000, 0x00000000fab00000)
  object space 60928K, 11% used [0x00000000f0000000,0x00000000f07148d0,0x00000000f3b80000)
 Metaspace       used 20853K, capacity 21045K, committed 21296K, reserved 1069056K
  class space    used 2331K, capacity 2406K, committed 2432K, reserved 1048576K
}
Event: 1.543 GC heap before
{Heap before GC invocations=4 (full 1):
 PSYoungGen      total 36864K, used 31744K [0x00000000fab00000, 0x00000000ff300000, 0x0000000100000000)
  eden space 31744K, 100% used [0x00000000fab00000,0x00000000fca00000,0x00000000fca00000)
  from space 5120K, 0% used [0x00000000fcf00000,0x00000000fcf00000,0x00000000fd400000)
  to   space 5120K, 0% used [0x00000000fca00000,0x00000000fca00000,0x00000000fcf00000)
 ParOldGen       total 60928K, used 7250K [0x00000000f0000000, 0x00000000f3b80000, 0x00000000fab00000)
  object space 60928K, 11% used [0x00000000f0000000,0x00000000f07148d0,0x00000000f3b80000)
 Metaspace       used 24100K, capacity 24367K, committed 24576K, reserved 1071104K
  class space    used 2922K, capacity 3017K, committed 3072K, reserved 1048576K
Event: 1.546 GC heap after
Heap after GC invocations=4 (full 1):
 PSYoungGen      total 36864K, used 1280K [0x00000000fab00000, 0x00000000fdf80000, 0x0000000100000000)
  eden space 31744K, 0% used [0x00000000fab00000,0x00000000fab00000,0x00000000fca00000)
  from space 5120K, 25% used [0x00000000fca00000,0x00000000fcb40000,0x00000000fcf00000)
  to   space 5120K, 0% used [0x00000000fda80000,0x00000000fda80000,0x00000000fdf80000)
 ParOldGen       total 60928K, used 7250K [0x00000000f0000000, 0x00000000f3b80000, 0x00000000fab00000)
  object space 60928K, 11% used [0x00000000f0000000,0x00000000f07148d0,0x00000000f3b80000)
 Metaspace       used 24100K, capacity 24367K, committed 24576K, reserved 1071104K
  class space    used 2922K, capacity 3017K, committed 3072K, reserved 1048576K
}
Event: 2.455 GC heap before
{Heap before GC invocations=5 (full 1):
 PSYoungGen      total 36864K, used 32849K [0x00000000fab00000, 0x00000000fdf80000, 0x0000000100000000)
  eden space 31744K, 99% used [0x00000000fab00000,0x00000000fc9d4468,0x00000000fca00000)
  from space 5120K, 25% used [0x00000000fca00000,0x00000000fcb40000,0x00000000fcf00000)
  to   space 5120K, 0% used [0x00000000fda80000,0x00000000fda80000,0x00000000fdf80000)
 ParOldGen       total 60928K, used 7250K [0x00000000f0000000, 0x00000000f3b80000, 0x00000000fab00000)
  object space 60928K, 11% used [0x00000000f0000000,0x00000000f07148d0,0x00000000f3b80000)
 Metaspace       used 29874K, capacity 30053K, committed 30464K, reserved 1075200K
  class space    used 3748K, capacity 3804K, committed 3840K, reserved 1048576K
Event: 2.460 GC heap after
Heap after GC invocations=5 (full 1):
 PSYoungGen      total 47616K, used 5109K [0x00000000fab00000, 0x00000000fdf80000, 0x0000000100000000)
  eden space 42496K, 0% used [0x00000000fab00000,0x00000000fab00000,0x00000000fd480000)
  from space 5120K, 99% used [0x00000000fda80000,0x00000000fdf7d5f8,0x00000000fdf80000)
  to   space 5120K, 0% used [0x00000000fd580000,0x00000000fd580000,0x00000000fda80000)
 ParOldGen       total 60928K, used 12272K [0x00000000f0000000, 0x00000000f3b80000, 0x00000000fab00000)
  object space 60928K, 20% used [0x00000000f0000000,0x00000000f0bfc150,0x00000000f3b80000)
 Metaspace       used 29874K, capacity 30053K, committed 30464K, reserved 1075200K
  class space    used 3748K, capacity 3804K, committed 3840K, reserved 1048576K
}
Event: 324.721 GC heap before
{Heap before GC invocations=6 (full 1):
 PSYoungGen      total 47616K, used 47605K [0x00000000fab00000, 0x00000000fdf80000, 0x0000000100000000)
  eden space 42496K, 100% used [0x00000000fab00000,0x00000000fd480000,0x00000000fd480000)
  from space 5120K, 99% used [0x00000000fda80000,0x00000000fdf7d5f8,0x00000000fdf80000)
  to   space 5120K, 0% used [0x00000000fd580000,0x00000000fd580000,0x00000000fda80000)
 ParOldGen       total 60928K, used 12272K [0x00000000f0000000, 0x00000000f3b80000, 0x00000000fab00000)
  object space 60928K, 20% used [0x00000000f0000000,0x00000000f0bfc150,0x00000000f3b80000)
 Metaspace       used 32517K, capacity 32747K, committed 33024K, reserved 1079296K
  class space    used 3952K, capacity 4061K, committed 4096K, reserved 1048576K
Event: 324.738 GC heap after
Heap after GC invocations=6 (full 1):
 PSYoungGen      total 48640K, used 5090K [0x00000000fab00000, 0x00000000ffb00000, 0x0000000100000000)
  eden space 43520K, 0% used [0x00000000fab00000,0x00000000fab00000,0x00000000fd580000)
  from space 5120K, 99% used [0x00000000fd580000,0x00000000fda78a18,0x00000000fda80000)
  to   space 13824K, 0% used [0x00000000fed80000,0x00000000fed80000,0x00000000ffb00000)
 ParOldGen       total 60928K, used 17313K [0x00000000f0000000, 0x00000000f3b80000, 0x00000000fab00000)
  object space 60928K, 28% used [0x00000000f0000000,0x00000000f10e86b8,0x00000000f3b80000)
 Metaspace       used 32517K, capacity 32747K, committed 33024K, reserved 1079296K
  class space    used 3952K, capacity 4061K, committed 4096K, reserved 1048576K
}

