# JRE version: Java(TM) SE Runtime Environment (8.0_151-b12) (build 1.8.0_151-b12)
# Java VM: Java HotSpot(TM) 64-Bit Server VM (25.151-b12 mixed mode linux-amd64 compressed oops)
Heap:
 PSYoungGen      total 61952K, used 11754K [0x00000000fab00000, 0x0000000100000000, 0x0000000100000000)
  eden space 38912K, 30% used [0x00000000fab00000,0x00000000fb67a800,0x00000000fd100000)
  from space 23040K, 0% used [0x00000000fe980000,0x00000000fe980000,0x0000000100000000)
  to   space 24064K, 0% used [0x00000000fd100000,0x00000000fd100000,0x00000000fe880000)
 ParOldGen       total 119296K, used 27853K [0x00000000f0000000, 0x00000000f7480000, 0x00000000fab00000)
  object space 119296K, 23% used [0x00000000f0000000,0x00000000f1b334c0,0x00000000f7480000)
 Metaspace       used 35401K, capacity 35663K, committed 36084K, reserved 1081344K
  class space    used 4317K, capacity 4387K, committed 4480K, reserved 1048576K
GC Heap History (10 events):
Event: 87.730 GC heap before
{Heap before GC invocations=6 (full 1):
 PSYoungGen      total 48128K, used 48101K [0x00000000fab00000, 0x00000000fdf80000, 0x0000000100000000)
  eden space 43008K, 100% used [0x00000000fab00000,0x00000000fd500000,0x00000000fd500000)
  from space 5120K, 99% used [0x00000000fda80000,0x00000000fdf79708,0x00000000fdf80000)
  to   space 5120K, 0% used [0x00000000fd580000,0x00000000fd580000,0x00000000fda80000)
 ParOldGen       total 59904K, used 13795K [0x00000000f0000000, 0x00000000f3a80000, 0x00000000fab00000)
  object space 59904K, 23% used [0x00000000f0000000,0x00000000f0d78fa8,0x00000000f3a80000)
 Metaspace       used 32359K, capacity 32581K, committed 33024K, reserved 1079296K
  class space    used 3953K, capacity 4028K, committed 4096K, reserved 1048576K
Event: 87.737 GC heap after
Heap after GC invocations=6 (full 1):
 PSYoungGen      total 48640K, used 5109K [0x00000000fab00000, 0x00000000ffe00000, 0x0000000100000000)
  eden space 43520K, 0% used [0x00000000fab00000,0x00000000fab00000,0x00000000fd580000)
  from space 5120K, 99% used [0x00000000fd580000,0x00000000fda7d420,0x00000000fda80000)
  to   space 14848K, 0% used [0x00000000fef80000,0x00000000fef80000,0x00000000ffe00000)
 ParOldGen       total 59904K, used 18539K [0x00000000f0000000, 0x00000000f3a80000, 0x00000000fab00000)
  object space 59904K, 30% used [0x00000000f0000000,0x00000000f121adb0,0x00000000f3a80000)
 Metaspace       used 32359K, capacity 32581K, committed 33024K, reserved 1079296K
  class space    used 3953K, capacity 4028K, committed 4096K, reserved 1048576K
}
Event: 88.641 GC heap before
{Heap before GC invocations=7 (full 1):
 PSYoungGen      total 48640K, used 48531K [0x00000000fab00000, 0x00000000ffe00000, 0x0000000100000000)
  eden space 43520K, 99% used [0x00000000fab00000,0x00000000fd567858,0x00000000fd580000)
  from space 5120K, 99% used [0x00000000fd580000,0x00000000fda7d420,0x00000000fda80000)
  to   space 14848K, 0% used [0x00000000fef80000,0x00000000fef80000,0x00000000ffe00000)
 ParOldGen       total 59904K, used 18539K [0x00000000f0000000, 0x00000000f3a80000, 0x00000000fab00000)
  object space 59904K, 30% used [0x00000000f0000000,0x00000000f121adb0,0x00000000f3a80000)
 Metaspace       used 34335K, capacity 34519K, committed 34816K, reserved 1079296K
  class space    used 4272K, capacity 4351K, committed 4352K, reserved 1048576K
Event: 88.654 GC heap after
Heap after GC invocations=7 (full 1):
 PSYoungGen      total 58880K, used 14830K [0x00000000fab00000, 0x0000000100000000, 0x0000000100000000)
  eden space 44032K, 0% used [0x00000000fab00000,0x00000000fab00000,0x00000000fd600000)
  from space 14848K, 99% used [0x00000000fef80000,0x00000000ffdfba70,0x00000000ffe00000)
  to   space 21504K, 0% used [0x00000000fd600000,0x00000000fd600000,0x00000000feb00000)
 ParOldGen       total 59904K, used 25262K [0x00000000f0000000, 0x00000000f3a80000, 0x00000000fab00000)
  object space 59904K, 42% used [0x00000000f0000000,0x00000000f18ab9f0,0x00000000f3a80000)
 Metaspace       used 34335K, capacity 34519K, committed 34816K, reserved 1079296K
  class space    used 4272K, capacity 4351K, committed 4352K, reserved 1048576K
}
Event: 93.277 GC heap before
{Heap before GC invocations=8 (full 1):
 PSYoungGen      total 58880K, used 32547K [0x00000000fab00000, 0x0000000100000000, 0x0000000100000000)
  eden space 44032K, 40% used [0x00000000fab00000,0x00000000fbc4d190,0x00000000fd600000)
  from space 14848K, 99% used [0x00000000fef80000,0x00000000ffdfba70,0x00000000ffe00000)
  to   space 21504K, 0% used [0x00000000fd600000,0x00000000fd600000,0x00000000feb00000)
 ParOldGen       total 59904K, used 25262K [0x00000000f0000000, 0x00000000f3a80000, 0x00000000fab00000)
  object space 59904K, 42% used [0x00000000f0000000,0x00000000f18ab9f0,0x00000000f3a80000)
 Metaspace       used 34863K, capacity 35133K, committed 35712K, reserved 1081344K
  class space    used 4312K, capacity 4384K, committed 4480K, reserved 1048576K
Event: 93.289 GC heap after
Heap after GC invocations=8 (full 1):
 PSYoungGen      total 64000K, used 19885K [0x00000000fab00000, 0x0000000100000000, 0x0000000100000000)
  eden space 44032K, 0% used [0x00000000fab00000,0x00000000fab00000,0x00000000fd600000)
  from space 19968K, 99% used [0x00000000fd600000,0x00000000fe96b6f8,0x00000000fe980000)
  to   space 23040K, 0% used [0x00000000fe980000,0x00000000fe980000,0x0000000100000000)
 ParOldGen       total 59904K, used 25293K [0x00000000f0000000, 0x00000000f3a80000, 0x00000000fab00000)
  object space 59904K, 42% used [0x00000000f0000000,0x00000000f18b37c8,0x00000000f3a80000)
 Metaspace       used 34863K, capacity 35133K, committed 35712K, reserved 1081344K
  class space    used 4312K, capacity 4384K, committed 4480K, reserved 1048576K
}
Event: 229.955 GC heap before
{Heap before GC invocations=9 (full 1):
 PSYoungGen      total 64000K, used 47678K [0x00000000fab00000, 0x0000000100000000, 0x0000000100000000)
  eden space 44032K, 63% used [0x00000000fab00000,0x00000000fc624160,0x00000000fd600000)
  from space 19968K, 99% used [0x00000000fd600000,0x00000000fe96b6f8,0x00000000fe980000)
  to   space 23040K, 0% used [0x00000000fe980000,0x00000000fe980000,0x0000000100000000)
 ParOldGen       total 59904K, used 25293K [0x00000000f0000000, 0x00000000f3a80000, 0x00000000fab00000)
  object space 59904K, 42% used [0x00000000f0000000,0x00000000f18b37c8,0x00000000f3a80000)
 Metaspace       used 35286K, capacity 35453K, committed 35828K, reserved 1081344K
  class space    used 4315K, capacity 4384K, committed 4480K, reserved 1048576K
Event: 229.983 GC heap after
Heap after GC invocations=9 (full 1):
 PSYoungGen      total 61952K, used 13022K [0x00000000fab00000, 0x0000000100000000, 0x0000000100000000)
  eden space 38912K, 0% used [0x00000000fab00000,0x00000000fab00000,0x00000000fd100000)
  from space 23040K, 56% used [0x00000000fe980000,0x00000000ff637b98,0x0000000100000000)
  to   space 24064K, 0% used [0x00000000fd100000,0x00000000fd100000,0x00000000fe880000)
 ParOldGen       total 59904K, used 25301K [0x00000000f0000000, 0x00000000f3a80000, 0x00000000fab00000)
  object space 59904K, 42% used [0x00000000f0000000,0x00000000f18b57c8,0x00000000f3a80000)
 Metaspace       used 35286K, capacity 35453K, committed 35828K, reserved 1081344K
  class space    used 4315K, capacity 4384K, committed 4480K, reserved 1048576K
}
Event: 229.984 GC heap before
{Heap before GC invocations=10 (full 2):
 PSYoungGen      total 61952K, used 13022K [0x00000000fab00000, 0x0000000100000000, 0x0000000100000000)
  eden space 38912K, 0% used [0x00000000fab00000,0x00000000fab00000,0x00000000fd100000)
  from space 23040K, 56% used [0x00000000fe980000,0x00000000ff637b98,0x0000000100000000)
  to   space 24064K, 0% used [0x00000000fd100000,0x00000000fd100000,0x00000000fe880000)
 ParOldGen       total 59904K, used 25301K [0x00000000f0000000, 0x00000000f3a80000, 0x00000000fab00000)
  object space 59904K, 42% used [0x00000000f0000000,0x00000000f18b57c8,0x00000000f3a80000)
 Metaspace       used 35286K, capacity 35453K, committed 35828K, reserved 1081344K
  class space    used 4315K, capacity 4384K, committed 4480K, reserved 1048576K
Event: 230.056 GC heap after
Heap after GC invocations=10 (full 2):
 PSYoungGen      total 61952K, used 0K [0x00000000fab00000, 0x0000000100000000, 0x0000000100000000)
  eden space 38912K, 0% used [0x00000000fab00000,0x00000000fab00000,0x00000000fd100000)
  from space 23040K, 0% used [0x00000000fe980000,0x00000000fe980000,0x0000000100000000)
  to   space 24064K, 0% used [0x00000000fd100000,0x00000000fd100000,0x00000000fe880000)
 ParOldGen       total 119296K, used 27853K [0x00000000f0000000, 0x00000000f7480000, 0x00000000fab00000)
  object space 119296K, 23% used [0x00000000f0000000,0x00000000f1b334c0,0x00000000f7480000)
 Metaspace       used 35286K, capacity 35453K, committed 35828K, reserved 1081344K
  class space    used 4315K, capacity 4384K, committed 4480K, reserved 1048576K
}

